Determining if the CL_VERSION_2_0 exist failed with the following output:
Change Dir: /home/oslab/libfreenect2/build/CMakeFiles/CMakeTmp

Run Build Command:/usr/bin/make "cmTryCompileExec1944803434/fast"
/usr/bin/make -f CMakeFiles/cmTryCompileExec1944803434.dir/build.make CMakeFiles/cmTryCompileExec1944803434.dir/build
make[1]: Entering directory `/home/oslab/libfreenect2/build/CMakeFiles/CMakeTmp'
/usr/bin/cmake -E cmake_progress_report /home/oslab/libfreenect2/build/CMakeFiles/CMakeTmp/CMakeFiles 1
Building C object CMakeFiles/cmTryCompileExec1944803434.dir/CheckSymbolExists.c.o
/usr/bin/cc    -o CMakeFiles/cmTryCompileExec1944803434.dir/CheckSymbolExists.c.o   -c /home/oslab/libfreenect2/build/CMakeFiles/CMakeTmp/CheckSymbolExists.c
/home/oslab/libfreenect2/build/CMakeFiles/CMakeTmp/CheckSymbolExists.c:2:47: fatal error: OpenCL_INCLUDE_DIR-NOTFOUND/CL/cl.h: No such file or directory
 #include <OpenCL_INCLUDE_DIR-NOTFOUND/CL/cl.h>
                                               ^
compilation terminated.
make[1]: Leaving directory `/home/oslab/libfreenect2/build/CMakeFiles/CMakeTmp'
make[1]: *** [CMakeFiles/cmTryCompileExec1944803434.dir/CheckSymbolExists.c.o] Error 1
make: *** [cmTryCompileExec1944803434/fast] Error 2

File /home/oslab/libfreenect2/build/CMakeFiles/CMakeTmp/CheckSymbolExists.c:
/* */
#include <OpenCL_INCLUDE_DIR-NOTFOUND/CL/cl.h>

int main(int argc, char** argv)
{
  (void)argv;
#ifndef CL_VERSION_2_0
  return ((int*)(&CL_VERSION_2_0))[argc];
#else
  (void)argc;
  return 0;
#endif
}

Determining if the CL_VERSION_1_2 exist failed with the following output:
Change Dir: /home/oslab/libfreenect2/build/CMakeFiles/CMakeTmp

Run Build Command:/usr/bin/make "cmTryCompileExec4079992391/fast"
/usr/bin/make -f CMakeFiles/cmTryCompileExec4079992391.dir/build.make CMakeFiles/cmTryCompileExec4079992391.dir/build
make[1]: Entering directory `/home/oslab/libfreenect2/build/CMakeFiles/CMakeTmp'
/usr/bin/cmake -E cmake_progress_report /home/oslab/libfreenect2/build/CMakeFiles/CMakeTmp/CMakeFiles 1
Building C object CMakeFiles/cmTryCompileExec4079992391.dir/CheckSymbolExists.c.o
/usr/bin/cc    -o CMakeFiles/cmTryCompileExec4079992391.dir/CheckSymbolExists.c.o   -c /home/oslab/libfreenect2/build/CMakeFiles/CMakeTmp/CheckSymbolExists.c
/home/oslab/libfreenect2/build/CMakeFiles/CMakeTmp/CheckSymbolExists.c:2:47: fatal error: OpenCL_INCLUDE_DIR-NOTFOUND/CL/cl.h: No such file or directory
 #include <OpenCL_INCLUDE_DIR-NOTFOUND/CL/cl.h>
                                               ^
compilation terminated.
make[1]: *** [CMakeFiles/cmTryCompileExec4079992391.dir/CheckSymbolExists.c.o] Error 1
make[1]: Leaving directory `/home/oslab/libfreenect2/build/CMakeFiles/CMakeTmp'
make: *** [cmTryCompileExec4079992391/fast] Error 2

File /home/oslab/libfreenect2/build/CMakeFiles/CMakeTmp/CheckSymbolExists.c:
/* */
#include <OpenCL_INCLUDE_DIR-NOTFOUND/CL/cl.h>

int main(int argc, char** argv)
{
  (void)argv;
#ifndef CL_VERSION_1_2
  return ((int*)(&CL_VERSION_1_2))[argc];
#else
  (void)argc;
  return 0;
#endif
}

Determining if the CL_VERSION_1_1 exist failed with the following output:
Change Dir: /home/oslab/libfreenect2/build/CMakeFiles/CMakeTmp

Run Build Command:/usr/bin/make "cmTryCompileExec3628927807/fast"
/usr/bin/make -f CMakeFiles/cmTryCompileExec3628927807.dir/build.make CMakeFiles/cmTryCompileExec3628927807.dir/build
make[1]: Entering directory `/home/oslab/libfreenect2/build/CMakeFiles/CMakeTmp'
/usr/bin/cmake -E cmake_progress_report /home/oslab/libfreenect2/build/CMakeFiles/CMakeTmp/CMakeFiles 1
Building C object CMakeFiles/cmTryCompileExec3628927807.dir/CheckSymbolExists.c.o
/usr/bin/cc    -o CMakeFiles/cmTryCompileExec3628927807.dir/CheckSymbolExists.c.o   -c /home/oslab/libfreenect2/build/CMakeFiles/CMakeTmp/CheckSymbolExists.c
/home/oslab/libfreenect2/build/CMakeFiles/CMakeTmp/CheckSymbolExists.c:2:47: fatal error: OpenCL_INCLUDE_DIR-NOTFOUND/CL/cl.h: No such file or directory
 #include <OpenCL_INCLUDE_DIR-NOTFOUND/CL/cl.h>
                                               ^
compilation terminated.
make[1]: Leaving directory `/home/oslab/libfreenect2/build/CMakeFiles/CMakeTmp'
make[1]: *** [CMakeFiles/cmTryCompileExec3628927807.dir/CheckSymbolExists.c.o] Error 1
make: *** [cmTryCompileExec3628927807/fast] Error 2

File /home/oslab/libfreenect2/build/CMakeFiles/CMakeTmp/CheckSymbolExists.c:
/* */
#include <OpenCL_INCLUDE_DIR-NOTFOUND/CL/cl.h>

int main(int argc, char** argv)
{
  (void)argv;
#ifndef CL_VERSION_1_1
  return ((int*)(&CL_VERSION_1_1))[argc];
#else
  (void)argc;
  return 0;
#endif
}

Determining if the CL_VERSION_1_0 exist failed with the following output:
Change Dir: /home/oslab/libfreenect2/build/CMakeFiles/CMakeTmp

Run Build Command:/usr/bin/make "cmTryCompileExec1977897359/fast"
/usr/bin/make -f CMakeFiles/cmTryCompileExec1977897359.dir/build.make CMakeFiles/cmTryCompileExec1977897359.dir/build
make[1]: Entering directory `/home/oslab/libfreenect2/build/CMakeFiles/CMakeTmp'
/usr/bin/cmake -E cmake_progress_report /home/oslab/libfreenect2/build/CMakeFiles/CMakeTmp/CMakeFiles 1
Building C object CMakeFiles/cmTryCompileExec1977897359.dir/CheckSymbolExists.c.o
/usr/bin/cc    -o CMakeFiles/cmTryCompileExec1977897359.dir/CheckSymbolExists.c.o   -c /home/oslab/libfreenect2/build/CMakeFiles/CMakeTmp/CheckSymbolExists.c
/home/oslab/libfreenect2/build/CMakeFiles/CMakeTmp/CheckSymbolExists.c:2:47: fatal error: OpenCL_INCLUDE_DIR-NOTFOUND/CL/cl.h: No such file or directory
 #include <OpenCL_INCLUDE_DIR-NOTFOUND/CL/cl.h>
                                               ^
compilation terminated.
make[1]: Leaving directory `/home/oslab/libfreenect2/build/CMakeFiles/CMakeTmp'
make[1]: *** [CMakeFiles/cmTryCompileExec1977897359.dir/CheckSymbolExists.c.o] Error 1
make: *** [cmTryCompileExec1977897359/fast] Error 2

File /home/oslab/libfreenect2/build/CMakeFiles/CMakeTmp/CheckSymbolExists.c:
/* */
#include <OpenCL_INCLUDE_DIR-NOTFOUND/CL/cl.h>

int main(int argc, char** argv)
{
  (void)argv;
#ifndef CL_VERSION_1_0
  return ((int*)(&CL_VERSION_1_0))[argc];
#else
  (void)argc;
  return 0;
#endif
}

